<?xml version="1.0" encoding="UTF-8"?>
<testsuite xmlns:xsi="http://www.w3.org/2001/XMLSchema-instance" xsi:noNamespaceSchemaLocation="https://maven.apache.org/surefire/maven-surefire-plugin/xsd/surefire-test-report-3.0.xsd" version="3.0" name="TestSuite" time="9.113" tests="1" errors="0" skipped="0" failures="1">
  <properties>
    <property name="java.specification.version" value="15"/>
    <property name="sun.jnu.encoding" value="UTF-8"/>
    <property name="java.class.path" value="/Users/imamhossan/IdeaProjects/WebAutomationNov2020/ebay/target/test-classes:/Users/imamhossan/IdeaProjects/WebAutomationNov2020/ebay/target/classes:/Users/imamhossan/IdeaProjects/WebAutomationNov2020/generic/target/classes:/Users/imamhossan/.m2/repository/mysql/mysql-connector-java/8.0.22/mysql-connector-java-8.0.22.jar:/Users/imamhossan/.m2/repository/com/google/protobuf/protobuf-java/3.11.4/protobuf-java-3.11.4.jar:/Users/imamhossan/.m2/repository/org/seleniumhq/selenium/selenium-java/3.141.59/selenium-java-3.141.59.jar:/Users/imamhossan/.m2/repository/org/seleniumhq/selenium/selenium-api/3.141.59/selenium-api-3.141.59.jar:/Users/imamhossan/.m2/repository/org/seleniumhq/selenium/selenium-chrome-driver/3.141.59/selenium-chrome-driver-3.141.59.jar:/Users/imamhossan/.m2/repository/org/seleniumhq/selenium/selenium-edge-driver/3.141.59/selenium-edge-driver-3.141.59.jar:/Users/imamhossan/.m2/repository/org/seleniumhq/selenium/selenium-firefox-driver/3.141.59/selenium-firefox-driver-3.141.59.jar:/Users/imamhossan/.m2/repository/org/seleniumhq/selenium/selenium-ie-driver/3.141.59/selenium-ie-driver-3.141.59.jar:/Users/imamhossan/.m2/repository/org/seleniumhq/selenium/selenium-opera-driver/3.141.59/selenium-opera-driver-3.141.59.jar:/Users/imamhossan/.m2/repository/org/seleniumhq/selenium/selenium-remote-driver/3.141.59/selenium-remote-driver-3.141.59.jar:/Users/imamhossan/.m2/repository/org/seleniumhq/selenium/selenium-safari-driver/3.141.59/selenium-safari-driver-3.141.59.jar:/Users/imamhossan/.m2/repository/org/seleniumhq/selenium/selenium-support/3.141.59/selenium-support-3.141.59.jar:/Users/imamhossan/.m2/repository/net/bytebuddy/byte-buddy/1.8.15/byte-buddy-1.8.15.jar:/Users/imamhossan/.m2/repository/org/apache/commons/commons-exec/1.3/commons-exec-1.3.jar:/Users/imamhossan/.m2/repository/com/google/guava/guava/25.0-jre/guava-25.0-jre.jar:/Users/imamhossan/.m2/repository/com/google/code/findbugs/jsr305/1.3.9/jsr305-1.3.9.jar:/Users/imamhossan/.m2/repository/org/checkerframework/checker-compat-qual/2.0.0/checker-compat-qual-2.0.0.jar:/Users/imamhossan/.m2/repository/com/google/errorprone/error_prone_annotations/2.1.3/error_prone_annotations-2.1.3.jar:/Users/imamhossan/.m2/repository/com/google/j2objc/j2objc-annotations/1.1/j2objc-annotations-1.1.jar:/Users/imamhossan/.m2/repository/org/codehaus/mojo/animal-sniffer-annotations/1.14/animal-sniffer-annotations-1.14.jar:/Users/imamhossan/.m2/repository/com/squareup/okhttp3/okhttp/3.11.0/okhttp-3.11.0.jar:/Users/imamhossan/.m2/repository/com/squareup/okio/okio/1.14.0/okio-1.14.0.jar:/Users/imamhossan/.m2/repository/org/testng/testng/7.3.0/testng-7.3.0.jar:/Users/imamhossan/.m2/repository/com/beust/jcommander/1.78/jcommander-1.78.jar:/Users/imamhossan/.m2/repository/org/apache/ant/ant/1.10.3/ant-1.10.3.jar:/Users/imamhossan/.m2/repository/org/apache/ant/ant-launcher/1.10.3/ant-launcher-1.10.3.jar:/Users/imamhossan/.m2/repository/junit/junit/4.12/junit-4.12.jar:/Users/imamhossan/.m2/repository/org/hamcrest/hamcrest-core/1.3/hamcrest-core-1.3.jar:/Users/imamhossan/.m2/repository/com/google/inject/guice/4.2.2/guice-4.2.2-no_aop.jar:/Users/imamhossan/.m2/repository/javax/inject/javax.inject/1/javax.inject-1.jar:/Users/imamhossan/.m2/repository/aopalliance/aopalliance/1.0/aopalliance-1.0.jar:/Users/imamhossan/.m2/repository/org/yaml/snakeyaml/1.21/snakeyaml-1.21.jar:/Users/imamhossan/.m2/repository/log4j/log4j/1.2.17/log4j-1.2.17.jar:/Users/imamhossan/.m2/repository/org/mongodb/mongodb-driver/3.4.0/mongodb-driver-3.4.0.jar:/Users/imamhossan/.m2/repository/org/mongodb/mongodb-driver-core/3.4.0/mongodb-driver-core-3.4.0.jar:/Users/imamhossan/.m2/repository/org/mongodb/bson/3.4.0/bson-3.4.0.jar:/Users/imamhossan/.m2/repository/com/aventstack/extentreports/3.1.5/extentreports-3.1.5.jar:/Users/imamhossan/.m2/repository/org/freemarker/freemarker/2.3.23/freemarker-2.3.23.jar:/Users/imamhossan/.m2/repository/org/apache/httpcomponents/httpclient/4.5.2/httpclient-4.5.2.jar:/Users/imamhossan/.m2/repository/org/apache/httpcomponents/httpcore/4.4.4/httpcore-4.4.4.jar:/Users/imamhossan/.m2/repository/commons-logging/commons-logging/1.2/commons-logging-1.2.jar:/Users/imamhossan/.m2/repository/org/apache/httpcomponents/httpmime/4.5.2/httpmime-4.5.2.jar:/Users/imamhossan/.m2/repository/org/jsoup/jsoup/1.9.2/jsoup-1.9.2.jar:/Users/imamhossan/.m2/repository/com/google/code/gson/gson/2.8.0/gson-2.8.0.jar:/Users/imamhossan/.m2/repository/com/relevantcodes/extentreports/2.41.2/extentreports-2.41.2.jar:/Users/imamhossan/.m2/repository/org/xerial/sqlite-jdbc/3.8.11.1/sqlite-jdbc-3.8.11.1.jar:/Users/imamhossan/.m2/repository/commons-io/commons-io/2.6/commons-io-2.6.jar:/Users/imamhossan/.m2/repository/org/apache/poi/poi/3.17/poi-3.17.jar:/Users/imamhossan/.m2/repository/commons-codec/commons-codec/1.10/commons-codec-1.10.jar:/Users/imamhossan/.m2/repository/org/apache/commons/commons-collections4/4.1/commons-collections4-4.1.jar:"/>
    <property name="java.vm.vendor" value="Oracle Corporation"/>
    <property name="sun.arch.data.model" value="64"/>
    <property name="java.vendor.url" value="https://openjdk.java.net/"/>
    <property name="os.name" value="Mac OS X"/>
    <property name="java.vm.specification.version" value="15"/>
    <property name="sun.java.launcher" value="SUN_STANDARD"/>
    <property name="user.country" value="US"/>
    <property name="sun.boot.library.path" value="/usr/local/Cellar/openjdk/15.0.1/libexec/openjdk.jdk/Contents/Home/lib"/>
    <property name="sun.java.command" value="/Users/imamhossan/IdeaProjects/WebAutomationNov2020/ebay/target/surefire/surefirebooter6568388220806057050.jar /Users/imamhossan/IdeaProjects/WebAutomationNov2020/ebay/target/surefire 2020-11-23T21-49-40_470-jvmRun1 surefire6296453221033139558tmp surefire_09068887870709102147tmp"/>
    <property name="http.nonProxyHosts" value="local|*.local|169.254/16|*.169.254/16"/>
    <property name="jdk.debug" value="release"/>
    <property name="surefire.test.class.path" value="/Users/imamhossan/IdeaProjects/WebAutomationNov2020/ebay/target/test-classes:/Users/imamhossan/IdeaProjects/WebAutomationNov2020/ebay/target/classes:/Users/imamhossan/IdeaProjects/WebAutomationNov2020/generic/target/classes:/Users/imamhossan/.m2/repository/mysql/mysql-connector-java/8.0.22/mysql-connector-java-8.0.22.jar:/Users/imamhossan/.m2/repository/com/google/protobuf/protobuf-java/3.11.4/protobuf-java-3.11.4.jar:/Users/imamhossan/.m2/repository/org/seleniumhq/selenium/selenium-java/3.141.59/selenium-java-3.141.59.jar:/Users/imamhossan/.m2/repository/org/seleniumhq/selenium/selenium-api/3.141.59/selenium-api-3.141.59.jar:/Users/imamhossan/.m2/repository/org/seleniumhq/selenium/selenium-chrome-driver/3.141.59/selenium-chrome-driver-3.141.59.jar:/Users/imamhossan/.m2/repository/org/seleniumhq/selenium/selenium-edge-driver/3.141.59/selenium-edge-driver-3.141.59.jar:/Users/imamhossan/.m2/repository/org/seleniumhq/selenium/selenium-firefox-driver/3.141.59/selenium-firefox-driver-3.141.59.jar:/Users/imamhossan/.m2/repository/org/seleniumhq/selenium/selenium-ie-driver/3.141.59/selenium-ie-driver-3.141.59.jar:/Users/imamhossan/.m2/repository/org/seleniumhq/selenium/selenium-opera-driver/3.141.59/selenium-opera-driver-3.141.59.jar:/Users/imamhossan/.m2/repository/org/seleniumhq/selenium/selenium-remote-driver/3.141.59/selenium-remote-driver-3.141.59.jar:/Users/imamhossan/.m2/repository/org/seleniumhq/selenium/selenium-safari-driver/3.141.59/selenium-safari-driver-3.141.59.jar:/Users/imamhossan/.m2/repository/org/seleniumhq/selenium/selenium-support/3.141.59/selenium-support-3.141.59.jar:/Users/imamhossan/.m2/repository/net/bytebuddy/byte-buddy/1.8.15/byte-buddy-1.8.15.jar:/Users/imamhossan/.m2/repository/org/apache/commons/commons-exec/1.3/commons-exec-1.3.jar:/Users/imamhossan/.m2/repository/com/google/guava/guava/25.0-jre/guava-25.0-jre.jar:/Users/imamhossan/.m2/repository/com/google/code/findbugs/jsr305/1.3.9/jsr305-1.3.9.jar:/Users/imamhossan/.m2/repository/org/checkerframework/checker-compat-qual/2.0.0/checker-compat-qual-2.0.0.jar:/Users/imamhossan/.m2/repository/com/google/errorprone/error_prone_annotations/2.1.3/error_prone_annotations-2.1.3.jar:/Users/imamhossan/.m2/repository/com/google/j2objc/j2objc-annotations/1.1/j2objc-annotations-1.1.jar:/Users/imamhossan/.m2/repository/org/codehaus/mojo/animal-sniffer-annotations/1.14/animal-sniffer-annotations-1.14.jar:/Users/imamhossan/.m2/repository/com/squareup/okhttp3/okhttp/3.11.0/okhttp-3.11.0.jar:/Users/imamhossan/.m2/repository/com/squareup/okio/okio/1.14.0/okio-1.14.0.jar:/Users/imamhossan/.m2/repository/org/testng/testng/7.3.0/testng-7.3.0.jar:/Users/imamhossan/.m2/repository/com/beust/jcommander/1.78/jcommander-1.78.jar:/Users/imamhossan/.m2/repository/org/apache/ant/ant/1.10.3/ant-1.10.3.jar:/Users/imamhossan/.m2/repository/org/apache/ant/ant-launcher/1.10.3/ant-launcher-1.10.3.jar:/Users/imamhossan/.m2/repository/junit/junit/4.12/junit-4.12.jar:/Users/imamhossan/.m2/repository/org/hamcrest/hamcrest-core/1.3/hamcrest-core-1.3.jar:/Users/imamhossan/.m2/repository/com/google/inject/guice/4.2.2/guice-4.2.2-no_aop.jar:/Users/imamhossan/.m2/repository/javax/inject/javax.inject/1/javax.inject-1.jar:/Users/imamhossan/.m2/repository/aopalliance/aopalliance/1.0/aopalliance-1.0.jar:/Users/imamhossan/.m2/repository/org/yaml/snakeyaml/1.21/snakeyaml-1.21.jar:/Users/imamhossan/.m2/repository/log4j/log4j/1.2.17/log4j-1.2.17.jar:/Users/imamhossan/.m2/repository/org/mongodb/mongodb-driver/3.4.0/mongodb-driver-3.4.0.jar:/Users/imamhossan/.m2/repository/org/mongodb/mongodb-driver-core/3.4.0/mongodb-driver-core-3.4.0.jar:/Users/imamhossan/.m2/repository/org/mongodb/bson/3.4.0/bson-3.4.0.jar:/Users/imamhossan/.m2/repository/com/aventstack/extentreports/3.1.5/extentreports-3.1.5.jar:/Users/imamhossan/.m2/repository/org/freemarker/freemarker/2.3.23/freemarker-2.3.23.jar:/Users/imamhossan/.m2/repository/org/apache/httpcomponents/httpclient/4.5.2/httpclient-4.5.2.jar:/Users/imamhossan/.m2/repository/org/apache/httpcomponents/httpcore/4.4.4/httpcore-4.4.4.jar:/Users/imamhossan/.m2/repository/commons-logging/commons-logging/1.2/commons-logging-1.2.jar:/Users/imamhossan/.m2/repository/org/apache/httpcomponents/httpmime/4.5.2/httpmime-4.5.2.jar:/Users/imamhossan/.m2/repository/org/jsoup/jsoup/1.9.2/jsoup-1.9.2.jar:/Users/imamhossan/.m2/repository/com/google/code/gson/gson/2.8.0/gson-2.8.0.jar:/Users/imamhossan/.m2/repository/com/relevantcodes/extentreports/2.41.2/extentreports-2.41.2.jar:/Users/imamhossan/.m2/repository/org/xerial/sqlite-jdbc/3.8.11.1/sqlite-jdbc-3.8.11.1.jar:/Users/imamhossan/.m2/repository/commons-io/commons-io/2.6/commons-io-2.6.jar:/Users/imamhossan/.m2/repository/org/apache/poi/poi/3.17/poi-3.17.jar:/Users/imamhossan/.m2/repository/commons-codec/commons-codec/1.10/commons-codec-1.10.jar:/Users/imamhossan/.m2/repository/org/apache/commons/commons-collections4/4.1/commons-collections4-4.1.jar:"/>
    <property name="sun.cpu.endian" value="little"/>
    <property name="user.home" value="/Users/imamhossan"/>
    <property name="user.language" value="en"/>
    <property name="java.specification.vendor" value="Oracle Corporation"/>
    <property name="java.version.date" value="2020-10-20"/>
    <property name="java.home" value="/usr/local/Cellar/openjdk/15.0.1/libexec/openjdk.jdk/Contents/Home"/>
    <property name="testng.dtd.http" value="true"/>
    <property name="file.separator" value="/"/>
    <property name="basedir" value="/Users/imamhossan/IdeaProjects/WebAutomationNov2020/ebay"/>
    <property name="java.vm.compressedOopsMode" value="Zero based"/>
    <property name="line.separator" value="&#10;"/>
    <property name="java.specification.name" value="Java Platform API Specification"/>
    <property name="java.vm.specification.vendor" value="Oracle Corporation"/>
    <property name="surefire.real.class.path" value="/Users/imamhossan/IdeaProjects/WebAutomationNov2020/ebay/target/surefire/surefirebooter6568388220806057050.jar"/>
    <property name="sun.management.compiler" value="HotSpot 64-Bit Tiered Compilers"/>
    <property name="ftp.nonProxyHosts" value="local|*.local|169.254/16|*.169.254/16"/>
    <property name="java.runtime.version" value="15.0.1+9"/>
    <property name="user.name" value="imamhossan"/>
    <property name="path.separator" value=":"/>
    <property name="os.version" value="10.15.7"/>
    <property name="java.runtime.name" value="OpenJDK Runtime Environment"/>
    <property name="file.encoding" value="UTF-8"/>
    <property name="java.vm.name" value="OpenJDK 64-Bit Server VM"/>
    <property name="localRepository" value="/Users/imamhossan/.m2/repository"/>
    <property name="java.vendor.url.bug" value="https://bugreport.java.com/bugreport/"/>
    <property name="java.io.tmpdir" value="/var/folders/7d/5m8m3n7125b865p6kfkgc5f00000gn/T/"/>
    <property name="java.version" value="15.0.1"/>
    <property name="user.dir" value="/Users/imamhossan/IdeaProjects/WebAutomationNov2020/ebay"/>
    <property name="os.arch" value="x86_64"/>
    <property name="java.vm.specification.name" value="Java Virtual Machine Specification"/>
    <property name="java.library.path" value="/Users/imamhossan/Library/Java/Extensions:/Library/Java/Extensions:/Network/Library/Java/Extensions:/System/Library/Java/Extensions:/usr/lib/java:."/>
    <property name="java.vm.info" value="mixed mode, sharing"/>
    <property name="java.vendor" value="N/A"/>
    <property name="java.vm.version" value="15.0.1+9"/>
    <property name="sun.io.unicode.encoding" value="UnicodeBig"/>
    <property name="socksNonProxyHosts" value="local|*.local|169.254/16|*.169.254/16"/>
    <property name="java.class.version" value="59.0"/>
  </properties>
  <testcase name="fieldsValidationOnRegisterPage" classname="com.ebaytest.HomePageValidations" time="2.761">
    <failure message="The following asserts failed:&#10;	expected [Lat Name] but found [Last Name]" type="java.lang.AssertionError">java.lang.AssertionError: 
The following asserts failed:
	expected [Lat Name] but found [Last Name]
	at com.ebaytest.HomePageValidations.fieldsValidationOnRegisterPage(HomePageValidations.java:62)
</failure>
    <system-out><![CDATA[[TestNGContentHandler] [WARN] It is strongly recommended to add "<!DOCTYPE suite SYSTEM "https://testng.org/testng-1.0.dtd" >" at the top of your file, otherwise TestNG may fail or not work as expected.
Extent Report Directory/Users/imamhossan/IdeaProjects/WebAutomationNov2020/ebay/target/surefire-reports/html
Clicked on Register Button<br>
first name is displayed<br>
last name is displayed<br>
email is displayed<br>
]]></system-out>
    <system-err><![CDATA[Starting ChromeDriver 86.0.4240.22 (398b0743353ff36fb1b82468f63a3a93b4e2e89e-refs/branch-heads/4240@{#378}) on port 40080
Only local connections are allowed.
Please see https://chromedriver.chromium.org/security-considerations for suggestions on keeping ChromeDriver safe.
ChromeDriver was started successfully.
Nov 23, 2020 9:49:44 PM org.openqa.selenium.remote.ProtocolHandshake createSession
INFO: Detected dialect: W3C
]]></system-err>
  </testcase>
</testsuite>